yuzexi26@cs660:~/drexel-CS660/lab3$ make COPIES=20 run
python3 main.py 20
time python3 ../Lab2/Part2/letter_freq.py sampleBook.txt
No configs found; falling back on auto-configuration
No configs specified for inline runner
Creating temp directory /tmp/letter_freq.yuzexi26.20190712.111431.516696
Running step 1 of 2...
Running step 2 of 2...
job output is in /tmp/letter_freq.yuzexi26.20190712.111431.516696/output
Streaming final output from /tmp/letter_freq.yuzexi26.20190712.111431.516696/output...
[313572, "e"]   0.12435787968331913
[226414, "t"]   0.08979234424827158
[202719, "a"]   0.08039526810915124
[190083, "o"]   0.07538402294798116
[184185, "n"]   0.07304496597104376
[172257, "i"]   0.06831450282745112
[167415, "h"]   0.06639423936825632
[162897, "s"]   0.06460246937473255
[148431, "r"]   0.05886547408338354
[118297, "d"]   0.04691478860643681
[96530, "l"]    0.03828232790501319
[64400, "u"]    0.02554005922596964
[61648, "m"]    0.024448657937307085
[61621, "c"]    0.024437950148501166
[59209, "w"]    0.023481387681839074
[54901, "f"]    0.021772900490139118
[51327, "g"]    0.02035550652005192
[46236, "y"]    0.018336493452980315
[45533, "p"]    0.018057694359255833
[34657, "b"]    0.013744438394323445
[27087, "v"]    0.010742291680960242
[20432, "k"]    0.008103020032686517
[4384, "x"]     0.0017386276342647655
[2575, "j"]     0.001021205784268196
[2388, "z"]     0.0009470444321679426
[2331, "q"]     0.0009244391002443358
Removing temp directory /tmp/letter_freq.yuzexi26.20190712.111431.516696...
27.21user 0.26system 0:27.70elapsed 99%CPU (0avgtext+0avgdata 151772maxresident)k
2664inputs+65816outputs (1major+74340minor)pagefaults 0swaps

time python3 ../Lab2/Part2/letter_freq.py 20_sampleBook.txt
No configs found; falling back on auto-configuration
No configs specified for inline runner
Creating temp directory /tmp/letter_freq.yuzexi26.20190712.111459.015119
Running step 1 of 2...
Running step 2 of 2...
job output is in /tmp/letter_freq.yuzexi26.20190712.111459.015119/output
Streaming final output from /tmp/letter_freq.yuzexi26.20190712.111459.015119/output...
[6271440, "e"]  0.12435787968331913
[4528280, "t"]  0.08979234424827158
[4054380, "a"]  0.08039526810915124
[3801660, "o"]  0.07538402294798116
[3683700, "n"]  0.07304496597104376
[3445140, "i"]  0.06831450282745112
[3348300, "h"]  0.06639423936825632
[3257940, "s"]  0.06460246937473255
[2968620, "r"]  0.05886547408338354
[2365940, "d"]  0.04691478860643681
[1930600, "l"]  0.03828232790501319
[1288000, "u"]  0.02554005922596964
[1232960, "m"]  0.024448657937307085
[1232420, "c"]  0.024437950148501166
[1184180, "w"]  0.023481387681839074
[1098020, "f"]  0.021772900490139118
[1026540, "g"]  0.02035550652005192
[924720, "y"]   0.018336493452980315
[910660, "p"]   0.018057694359255833
[693140, "b"]   0.013744438394323445
[541740, "v"]   0.010742291680960242
[408640, "k"]   0.008103020032686517
[87680, "x"]    0.0017386276342647655
[51500, "j"]    0.001021205784268196
[47760, "z"]    0.0009470444321679426
[46620, "q"]    0.0009244391002443358
Removing temp directory /tmp/letter_freq.yuzexi26.20190712.111459.015119...
545.29user 5.07system 9:11.30elapsed 99%CPU (0avgtext+0avgdata 2631276maxresident)k
0inputs+1313424outputs (0major+1468020minor)pagefaults 0swaps
